<?xml version="1.0" encoding="UTF-8"?>
<!-- Generated by org.testng.reporters.JUnitXMLReporter -->
<testsuite ignored="0" hostname="HIBAMM105441.local" failures="2" tests="8" name="Test" time="293.005" errors="0" timestamp="2021-10-20T22:30:18 IST">
  <testcase classname="Qualicoach1.Automation1.VerifyEnroll" name="AddUserTest" time="24.187">
    <failure type="java.io.FileNotFoundException" message="/Users/aumapathi/eclipse-workspace/Automation1/src/main/java/Resources/input.properties (No such file or directory)">
      <![CDATA[java.io.FileNotFoundException: /Users/aumapathi/eclipse-workspace/Automation1/src/main/java/Resources/input.properties (No such file or directory)
at java.base/java.io.FileInputStream.open0(Native Method)
at java.base/java.io.FileInputStream.open(FileInputStream.java:211)
at java.base/java.io.FileInputStream.<init>(FileInputStream.java:153)
at java.base/java.io.FileInputStream.<init>(FileInputStream.java:108)
at Qualicoach1.Automation1.UserEnroll.getUserEnroll(UserEnroll.java:38)
at Qualicoach1.Automation1.VerifyEnroll.AddUserTest(VerifyEnroll.java:18)
at java.base/java.util.ArrayList.forEach(ArrayList.java:1511)
... Removed 27 stack frames]]>
    </failure>
  </testcase> <!-- AddUserTest -->
  <testcase classname="Qualicoach1.Automation1.VerifyDeleteUser" name="VerifyDeleteTest" time="78.895"/>
  <testcase classname="Qualicoach1.Automation1.VerifyEditUser" name="EditUserTest" time="76.24"/>
  <testcase classname="Qualicoach1.Automation1.verifyDownload" name="DownloadTest" time="70.927"/>
  <testcase classname="Qualicoach1.Automation1.VerifyCourse" name="VerifyUserTest" time="12.713">
    <failure type="java.io.FileNotFoundException" message="/Users/aumapathi/eclipse-workspace/Automation1/src/main/java/Resources/input.properties (No such file or directory)">
      <![CDATA[java.io.FileNotFoundException: /Users/aumapathi/eclipse-workspace/Automation1/src/main/java/Resources/input.properties (No such file or directory)
at java.base/java.io.FileInputStream.open0(Native Method)
at java.base/java.io.FileInputStream.open(FileInputStream.java:211)
at java.base/java.io.FileInputStream.<init>(FileInputStream.java:153)
at java.base/java.io.FileInputStream.<init>(FileInputStream.java:108)
at Qualicoach1.Automation1.CreateCourse.getCreateCours(CreateCourse.java:29)
at Qualicoach1.Automation1.VerifyCourse.VerifyUserTest(VerifyCourse.java:17)
at java.base/java.util.ArrayList.forEach(ArrayList.java:1511)
... Removed 27 stack frames]]>
    </failure>
  </testcase> <!-- VerifyUserTest -->
  <testcase classname="Qualicoach1.Automation1.AppTest" name="shouldAnswerWithTrue" time="0.003"/>
  <testcase classname="Qualicoach1.Automation1.VerifyLogin" name="firstTest" time="14.546"/>
  <testcase classname="Qualicoach1.Automation1.VerifyLogin" name="firstTest" time="15.416"/>
</testsuite> <!-- Test -->
