<?xml version="1.0" encoding="UTF-8"?>
<testng-results ignored="0" total="1" passed="1" failed="0" skipped="0">
  <reporter-output>
  </reporter-output>
  <suite started-at="2021-10-20T13:13:43 IST" name="Default suite" finished-at="2021-10-20T13:14:32 IST" duration-ms="48812">
    <groups>
    </groups>
    <test started-at="2021-10-20T13:13:43 IST" name="Default test" finished-at="2021-10-20T13:14:32 IST" duration-ms="48812">
      <class name="studentmodule.Studenttest">
        <test-method signature="quiztest()[pri:0, instance:studentmodule.Studenttest@222114ba]" started-at="2021-10-20T13:13:43 IST" name="quiztest" finished-at="2021-10-20T13:14:32 IST" duration-ms="48762" status="PASS">
          <reporter-output>
          </reporter-output>
        </test-method> <!-- quiztest -->
      </class> <!-- studentmodule.Studenttest -->
    </test> <!-- Default test -->
  </suite> <!-- Default suite -->
</testng-results>
